nohup: ignoring input
ðŸ¤– Auto-trade mode enabled (no confirmation required)
Traceback (most recent call last):
  File "/home/codespace/.python/current/lib/python3.12/site-packages/ccxt/base/exchange.py", line 611, in fetch
    response.raise_for_status()
  File "/home/codespace/.local/lib/python3.12/site-packages/requests/models.py", line 1026, in raise_for_status
    raise HTTPError(http_error_msg, response=self)
requests.exceptions.HTTPError: 400 Client Error:  for url: https://api.binance.com/sapi/v1/capital/config/getall?timestamp=1765608769412&recvWindow=10000&signature=9fb9c616d8969d5550279638099dcc155fcf68bd3719ac1c5ff92f879e2bf4f6

During handling of the above exception, another exception occurred:

Traceback (most recent call last):
  File "/workspaces/bottrad/alphabot_v4.py", line 3053, in <module>
    bot = AlphaBotV4(config, live_mode=True)
          ^^^^^^^^^^^^^^^^^^^^^^^^^^^^^^^^^^
  File "/workspaces/bottrad/alphabot_v4.py", line 2699, in __init__
    self.executor = ExchangeExecutor(self.config, self.logger)
                    ^^^^^^^^^^^^^^^^^^^^^^^^^^^^^^^^^^^^^^^^^^
  File "/workspaces/bottrad/alphabot_v4.py", line 2061, in __init__
    self.exchange.load_markets()
  File "/home/codespace/.python/current/lib/python3.12/site-packages/ccxt/base/exchange.py", line 1714, in load_markets
    currencies = self.fetch_currencies()
                 ^^^^^^^^^^^^^^^^^^^^^^^
  File "/home/codespace/.python/current/lib/python3.12/site-packages/ccxt/binance.py", line 2866, in fetch_currencies
    promises = [self.sapiGetCapitalConfigGetall(params)]
                ^^^^^^^^^^^^^^^^^^^^^^^^^^^^^^^^^^^^^^^
  File "/home/codespace/.python/current/lib/python3.12/site-packages/ccxt/base/types.py", line 35, in unbound_method
    return _self.request(self.path, self.api, self.method, params, config=self.config)
           ^^^^^^^^^^^^^^^^^^^^^^^^^^^^^^^^^^^^^^^^^^^^^^^^^^^^^^^^^^^^^^^^^^^^^^^^^^^
  File "/home/codespace/.python/current/lib/python3.12/site-packages/ccxt/binance.py", line 11568, in request
    response = self.fetch2(path, api, method, params, headers, body, config)
               ^^^^^^^^^^^^^^^^^^^^^^^^^^^^^^^^^^^^^^^^^^^^^^^^^^^^^^^^^^^^^
  File "/home/codespace/.python/current/lib/python3.12/site-packages/ccxt/base/exchange.py", line 4987, in fetch2
    raise e
  File "/home/codespace/.python/current/lib/python3.12/site-packages/ccxt/base/exchange.py", line 4975, in fetch2
    return self.fetch(request['url'], request['method'], request['headers'], request['body'])
           ^^^^^^^^^^^^^^^^^^^^^^^^^^^^^^^^^^^^^^^^^^^^^^^^^^^^^^^^^^^^^^^^^^^^^^^^^^^^^^^^^^
  File "/home/codespace/.python/current/lib/python3.12/site-packages/ccxt/base/exchange.py", line 627, in fetch
    skip_further_error_handling = self.handle_errors(http_status_code, http_status_text, url, method, headers, http_response, json_response, request_headers, request_body)
                                  ^^^^^^^^^^^^^^^^^^^^^^^^^^^^^^^^^^^^^^^^^^^^^^^^^^^^^^^^^^^^^^^^^^^^^^^^^^^^^^^^^^^^^^^^^^^^^^^^^^^^^^^^^^^^^^^^^^^^^^^^^^^^^^^^^^^^^^^^^
  File "/home/codespace/.python/current/lib/python3.12/site-packages/ccxt/binance.py", line 11536, in handle_errors
    self.throw_exactly_matched_exception(self.exceptions['exact'], error, feedback)
  File "/home/codespace/.python/current/lib/python3.12/site-packages/ccxt/base/exchange.py", line 5392, in throw_exactly_matched_exception
    raise exact[string](message)
ccxt.base.errors.AuthenticationError: binanceusdm {"code":-2015,"msg":"Invalid API-key, IP, or permissions for action."}
